Arguments: 
  /usr/bin/node /usr/local/bin/yarn init

PATH: 
  /usr/local/sbin:/usr/local/bin:/usr/sbin:/usr/bin:/sbin:/bin:/usr/games:/usr/local/games:/snap/bin

Yarn version: 
  1.22.10

Node version: 
  10.23.1

Platform: 
  linux x64

Trace: 
  Error: canceled
      at Interface.<anonymous> (/usr/local/lib/node_modules/yarn/lib/cli.js:136216:13)
      at Interface.emit (events.js:198:13)
      at Interface._ttyWrite (readline.js:801:16)
      at ReadStream.onkeypress (readline.js:184:10)
      at ReadStream.emit (events.js:198:13)
      at emitKeys (internal/readline.js:424:14)
      at emitKeys.next (<anonymous>)
      at ReadStream.onData (readline.js:1073:36)
      at ReadStream.emit (events.js:198:13)
      at addChunk (_stream_readable.js:288:12)

npm manifest: 
  {
    "name": "challenge-gatsby",
    "version": "1.0.0",
    "private": true,
    "description": "challenge-gatsby",
    "author": "Kaio B. Gama",
    "keywords": [
      "gatsby"
    ],
    "scripts": {
      "develop": "gatsby develop",
      "start": "gatsby develop",
      "build": "gatsby build",
      "serve": "gatsby serve",
      "clean": "gatsby clean"
    },
    "dependencies": {
      "@chakra-ui/icons": "^1.0.4",
      "@chakra-ui/react": "^1.2.1",
      "@emotion/react": "^11.1.4",
      "@emotion/styled": "^11.0.0",
      "@formium/client": "^0.1.3",
      "@formium/react": "^0.1.3",
      "dotenv": "^8.2.0",
      "framer-motion": "^3.3.0",
      "gatsby": "^2.26.1",
      "gatsby-image": "^2.11.0",
      "gatsby-plugin-config": "^1.0.7",
      "gatsby-plugin-react-helmet": "^3.10.0",
      "gatsby-plugin-sharp": "^2.14.0",
      "gatsby-plugin-sitemap": "^2.12.0",
      "gatsby-source-contentful": "^4.6.0",
      "gatsby-source-filesystem": "^2.11.0",
      "gatsby-source-formium": "^0.1.1",
      "gatsby-transformer-sharp": "^2.12.0",
      "react": "^16.13.1",
      "react-dom": "^16.13.1",
      "react-helmet": "^6.1.0"
    }
  }

yarn manifest: 
  No manifest

Lockfile: 
  # THIS IS AN AUTOGENERATED FILE. DO NOT EDIT THIS FILE DIRECTLY.
  # yarn lockfile v1
